<?xml version="1.0" encoding="UTF-8"?>
<testng-results ignored="0" total="1" passed="1" failed="0" skipped="0">
  <reporter-output>
  </reporter-output>
  <suite started-at="2021-06-01T11:41:12 MSK" name="Suite" finished-at="2021-06-01T11:42:12 MSK" duration-ms="59722">
    <groups>
    </groups>
    <test started-at="2021-06-01T11:41:12 MSK" name="hw3" finished-at="2021-06-01T11:42:12 MSK" duration-ms="59722">
      <class name="hw3.AppTest">
        <test-method is-config="true" signature="initTest()[pri:0, instance:hw3.AppTest@2f67a4d3]" started-at="2021-06-01T11:41:12 MSK" name="initTest" finished-at="2021-06-01T11:41:21 MSK" duration-ms="8689" status="PASS">
          <reporter-output>
          </reporter-output>
        </test-method> <!-- initTest -->
        <test-method signature="openPage()[pri:0, instance:hw3.AppTest@2f67a4d3]" started-at="2021-06-01T11:41:21 MSK" name="openPage" finished-at="2021-06-01T11:42:12 MSK" duration-ms="50782" status="PASS">
          <reporter-output>
          </reporter-output>
        </test-method> <!-- openPage -->
      </class> <!-- hw3.AppTest -->
    </test> <!-- hw3 -->
  </suite> <!-- Suite -->
</testng-results>
