<?xml version="1.0" encoding="UTF-8"?>
<testng-results ignored="0" total="1" passed="1" failed="0" skipped="0">
  <reporter-output>
  </reporter-output>
  <suite started-at="2021-05-31T12:47:33 MSK" name="Default suite" finished-at="2021-05-31T12:48:24 MSK" duration-ms="51720">
    <groups>
    </groups>
    <test started-at="2021-05-31T12:47:33 MSK" name="Default test" finished-at="2021-05-31T12:48:24 MSK" duration-ms="51720">
      <class name="hw3.AppTest">
        <test-method is-config="true" signature="initTest()[pri:0, instance:hw3.AppTest@3738449f]" started-at="2021-05-31T12:47:33 MSK" name="initTest" finished-at="2021-05-31T12:47:35 MSK" duration-ms="2656" status="PASS">
          <reporter-output>
          </reporter-output>
        </test-method> <!-- initTest -->
        <test-method signature="openPage()[pri:0, instance:hw3.AppTest@3738449f]" started-at="2021-05-31T12:47:35 MSK" name="openPage" finished-at="2021-05-31T12:48:24 MSK" duration-ms="49028" status="PASS">
          <reporter-output>
          </reporter-output>
        </test-method> <!-- openPage -->
      </class> <!-- hw3.AppTest -->
    </test> <!-- Default test -->
  </suite> <!-- Default suite -->
</testng-results>
