<?xml version="1.0" encoding="UTF-8"?>
<testng-results ignored="0" total="9" passed="9" failed="0" skipped="0">
  <reporter-output>
  </reporter-output>
  <suite started-at="2021-06-01T11:52:00 MSK" name="Default suite" finished-at="2021-06-01T11:55:49 MSK" duration-ms="228340">
    <groups>
      <group name="cucumber">
        <method signature="AbstractTestNGCucumberTests.runScenario(io.cucumber.testng.PickleWrapper, io.cucumber.testng.FeatureWrapper)[pri:0, instance:hw3.RunTestEx1@5a37d3ed]" name="runScenario" class="io.cucumber.testng.AbstractTestNGCucumberTests"/>
      </group> <!-- cucumber -->
    </groups>
    <test started-at="2021-06-01T11:52:00 MSK" name="Default test" finished-at="2021-06-01T11:55:49 MSK" duration-ms="228340">
      <class name="hw3.RunTestEx1">
        <test-method is-config="true" signature="setUpClass()[pri:0, instance:hw3.RunTestEx1@5a37d3ed]" started-at="2021-06-01T11:52:00 MSK" name="setUpClass" finished-at="2021-06-01T11:52:01 MSK" duration-ms="298" status="PASS">
          <reporter-output>
          </reporter-output>
        </test-method> <!-- setUpClass -->
        <test-method signature="runScenario(io.cucumber.testng.PickleWrapper, io.cucumber.testng.FeatureWrapper)[pri:0, instance:hw3.RunTestEx1@5a37d3ed]" started-at="2021-06-01T11:52:01 MSK" name="runScenario" description="Runs Cucumber Scenarios" data-provider="scenarios" finished-at="2021-06-01T11:52:12 MSK" duration-ms="11870" status="PASS">
          <params>
            <param index="0">
              <value>
                <![CDATA["Assert header sections"]]>
              </value>
            </param>
            <param index="1">
              <value>
                <![CDATA["feature file for exercise 1"]]>
              </value>
            </param>
          </params>
          <reporter-output>
          </reporter-output>
        </test-method> <!-- runScenario -->
        <test-method signature="runScenario(io.cucumber.testng.PickleWrapper, io.cucumber.testng.FeatureWrapper)[pri:0, instance:hw3.RunTestEx1@5a37d3ed]" started-at="2021-06-01T11:52:13 MSK" name="runScenario" description="Runs Cucumber Scenarios" data-provider="scenarios" finished-at="2021-06-01T11:52:24 MSK" duration-ms="11168" status="PASS">
          <params>
            <param index="0">
              <value>
                <![CDATA["Assert images"]]>
              </value>
            </param>
            <param index="1">
              <value>
                <![CDATA["feature file for exercise 1"]]>
              </value>
            </param>
          </params>
          <reporter-output>
          </reporter-output>
        </test-method> <!-- runScenario -->
        <test-method signature="runScenario(io.cucumber.testng.PickleWrapper, io.cucumber.testng.FeatureWrapper)[pri:0, instance:hw3.RunTestEx1@5a37d3ed]" started-at="2021-06-01T11:52:24 MSK" name="runScenario" description="Runs Cucumber Scenarios" data-provider="scenarios" finished-at="2021-06-01T11:52:37 MSK" duration-ms="12866" status="PASS">
          <params>
            <param index="0">
              <value>
                <![CDATA["Assert texts below images"]]>
              </value>
            </param>
            <param index="1">
              <value>
                <![CDATA["feature file for exercise 1"]]>
              </value>
            </param>
          </params>
          <reporter-output>
          </reporter-output>
        </test-method> <!-- runScenario -->
        <test-method signature="runScenario(io.cucumber.testng.PickleWrapper, io.cucumber.testng.FeatureWrapper)[pri:0, instance:hw3.RunTestEx1@5a37d3ed]" started-at="2021-06-01T11:52:37 MSK" name="runScenario" description="Runs Cucumber Scenarios" data-provider="scenarios" finished-at="2021-06-01T11:53:10 MSK" duration-ms="32742" status="PASS">
          <params>
            <param index="0">
              <value>
                <![CDATA["Assert main header"]]>
              </value>
            </param>
            <param index="1">
              <value>
                <![CDATA["feature file for exercise 1"]]>
              </value>
            </param>
          </params>
          <reporter-output>
          </reporter-output>
        </test-method> <!-- runScenario -->
        <test-method signature="runScenario(io.cucumber.testng.PickleWrapper, io.cucumber.testng.FeatureWrapper)[pri:0, instance:hw3.RunTestEx1@5a37d3ed]" started-at="2021-06-01T11:53:10 MSK" name="runScenario" description="Runs Cucumber Scenarios" data-provider="scenarios" finished-at="2021-06-01T11:53:48 MSK" duration-ms="37414" status="PASS">
          <params>
            <param index="0">
              <value>
                <![CDATA["Assert iframe"]]>
              </value>
            </param>
            <param index="1">
              <value>
                <![CDATA["feature file for exercise 1"]]>
              </value>
            </param>
          </params>
          <reporter-output>
          </reporter-output>
        </test-method> <!-- runScenario -->
        <test-method signature="runScenario(io.cucumber.testng.PickleWrapper, io.cucumber.testng.FeatureWrapper)[pri:0, instance:hw3.RunTestEx1@5a37d3ed]" started-at="2021-06-01T11:53:48 MSK" name="runScenario" description="Runs Cucumber Scenarios" data-provider="scenarios" finished-at="2021-06-01T11:55:00 MSK" duration-ms="72142" status="PASS">
          <params>
            <param index="0">
              <value>
                <![CDATA["Assert sub header"]]>
              </value>
            </param>
            <param index="1">
              <value>
                <![CDATA["feature file for exercise 1"]]>
              </value>
            </param>
          </params>
          <reporter-output>
          </reporter-output>
        </test-method> <!-- runScenario -->
        <test-method signature="runScenario(io.cucumber.testng.PickleWrapper, io.cucumber.testng.FeatureWrapper)[pri:0, instance:hw3.RunTestEx1@5a37d3ed]" started-at="2021-06-01T11:55:00 MSK" name="runScenario" description="Runs Cucumber Scenarios" data-provider="scenarios" finished-at="2021-06-01T11:55:18 MSK" duration-ms="17321" status="PASS">
          <params>
            <param index="0">
              <value>
                <![CDATA["Assert "JDI GITHUB" block"]]>
              </value>
            </param>
            <param index="1">
              <value>
                <![CDATA["feature file for exercise 1"]]>
              </value>
            </param>
          </params>
          <reporter-output>
          </reporter-output>
        </test-method> <!-- runScenario -->
        <test-method signature="runScenario(io.cucumber.testng.PickleWrapper, io.cucumber.testng.FeatureWrapper)[pri:0, instance:hw3.RunTestEx1@5a37d3ed]" started-at="2021-06-01T11:55:19 MSK" name="runScenario" description="Runs Cucumber Scenarios" data-provider="scenarios" finished-at="2021-06-01T11:55:29 MSK" duration-ms="10623" status="PASS">
          <params>
            <param index="0">
              <value>
                <![CDATA["Assert Left Section"]]>
              </value>
            </param>
            <param index="1">
              <value>
                <![CDATA["feature file for exercise 1"]]>
              </value>
            </param>
          </params>
          <reporter-output>
          </reporter-output>
        </test-method> <!-- runScenario -->
        <test-method signature="runScenario(io.cucumber.testng.PickleWrapper, io.cucumber.testng.FeatureWrapper)[pri:0, instance:hw3.RunTestEx1@5a37d3ed]" started-at="2021-06-01T11:55:29 MSK" name="runScenario" description="Runs Cucumber Scenarios" data-provider="scenarios" finished-at="2021-06-01T11:55:47 MSK" duration-ms="17159" status="PASS">
          <params>
            <param index="0">
              <value>
                <![CDATA["Assert Footer"]]>
              </value>
            </param>
            <param index="1">
              <value>
                <![CDATA["feature file for exercise 1"]]>
              </value>
            </param>
          </params>
          <reporter-output>
          </reporter-output>
        </test-method> <!-- runScenario -->
        <test-method is-config="true" signature="tearDownClass()[pri:0, instance:hw3.RunTestEx1@5a37d3ed]" started-at="2021-06-01T11:55:47 MSK" name="tearDownClass" finished-at="2021-06-01T11:55:49 MSK" duration-ms="1908" status="PASS">
          <reporter-output>
          </reporter-output>
        </test-method> <!-- tearDownClass -->
      </class> <!-- hw3.RunTestEx1 -->
    </test> <!-- Default test -->
  </suite> <!-- Default suite -->
</testng-results>
